{"level":"info","message":"👌 server ok en port"}
{"level":"info","message":"mensaje con nivel info"}
{"level":"warn","message":"mensaje con nivel warn"}
{"level":"error","message":"mensaje con nivel error"}
{"level":"info","message":"👌 server ok en port by Winston"}
{"level":"error","message":"error de endopoint"}
{"level":"info","message":"mensaje con nivel info"}
{"level":"warn","message":"mensaje con nivel warn"}
{"level":"error","message":"mensaje con nivel error"}
{"level":"info","message":"👌 server ok en port by Winston"}
{"level":"info","message":"mensaje con nivel info"}
{"level":"warn","message":"mensaje con nivel warn"}
{"level":"error","message":"mensaje con nivel error"}
{"level":"info","message":"👌 server ok en port by Winston"}
{"level":"info","message":"✅ Nueva conexion activa!"}
{"level":"info","message":"🚫 Usuario fuera!"}
{"level":"info","message":"✅ Nueva conexion activa!"}
{"level":"info","message":"sada Estas logueado"}
{"level":"info","message":"mensaje con nivel info"}
{"level":"warn","message":"mensaje con nivel warn"}
{"level":"error","message":"mensaje con nivel error"}
{"level":"info","message":"👌 server ok en port by Winston"}
{"level":"info","message":"✅ Nueva conexion activa!"}
{"level":"info","message":"roque Estas logueado"}
{"level":"info","message":"mensaje con nivel info"}
{"level":"warn","message":"mensaje con nivel warn"}
{"level":"error","message":"mensaje con nivel error"}
{"level":"info","message":"👌 server ok en port by Winston"}
{"level":"info","message":"✅ Nueva conexion activa!"}
{"level":"info","message":"🚫 Usuario fuera!"}
{"level":"info","message":"✅ Nueva conexion activa!"}
{"level":"info","message":"lele Estas logueado"}
{"level":"info","message":"mensaje con nivel info"}
{"level":"warn","message":"mensaje con nivel warn"}
{"level":"error","message":"mensaje con nivel error"}
{"level":"info","message":"👌 server ok en port by Winston"}
{"level":"info","message":"✅ Nueva conexion activa!"}
{"level":"info","message":"mensaje con nivel info"}
{"level":"warn","message":"mensaje con nivel warn"}
{"level":"error","message":"mensaje con nivel error"}
{"level":"info","message":"👌 server ok en port by Winston"}
{"level":"info","message":"✅ Nueva conexion activa!"}
{"level":"info","message":"mensaje con nivel info"}
{"level":"warn","message":"mensaje con nivel warn"}
{"level":"error","message":"mensaje con nivel error"}
{"level":"info","message":"👌 server ok en port by Winston"}
{"level":"info","message":"✅ Nueva conexion activa!"}
{"level":"info","message":"✅ Nueva conexion activa!"}
{"level":"info","message":"mensaje con nivel info"}
{"level":"warn","message":"mensaje con nivel warn"}
{"level":"error","message":"mensaje con nivel error"}
{"level":"info","message":"👌 server ok en port by Winston"}
{"level":"info","message":"✅ Nueva conexion activa!"}
{"level":"info","message":"mensaje con nivel info"}
{"level":"warn","message":"mensaje con nivel warn"}
{"level":"error","message":"mensaje con nivel error"}
{"level":"info","message":"👌 server ok en port by Winston"}
{"level":"info","message":"✅ Nueva conexion activa!"}
{"level":"info","message":"mensaje con nivel info"}
{"level":"warn","message":"mensaje con nivel warn"}
{"level":"error","message":"mensaje con nivel error"}
{"level":"info","message":"mensaje con nivel info"}
{"level":"warn","message":"mensaje con nivel warn"}
{"level":"error","message":"mensaje con nivel error"}
{"level":"info","message":"mensaje con nivel info"}
{"level":"warn","message":"mensaje con nivel warn"}
{"level":"error","message":"mensaje con nivel error"}
{"level":"info","message":"mensaje con nivel info"}
{"level":"warn","message":"mensaje con nivel warn"}
{"level":"error","message":"mensaje con nivel error"}
{"level":"info","message":"👌 server ok en port by Winston"}
{"level":"info","message":"mensaje con nivel info"}
{"level":"warn","message":"mensaje con nivel warn"}
{"level":"error","message":"mensaje con nivel error"}
{"level":"info","message":"👌 server ok en port by Winston"}
{"level":"info","message":"mensaje con nivel info"}
{"level":"warn","message":"mensaje con nivel warn"}
{"level":"error","message":"mensaje con nivel error"}
{"level":"info","message":"👌 server ok en port by Winston"}
{"level":"info","message":"mensaje con nivel info"}
{"level":"warn","message":"mensaje con nivel warn"}
{"level":"error","message":"mensaje con nivel error"}
{"level":"info","message":"👌 server ok en port by Winston"}
{"level":"info","message":"mensaje con nivel info"}
{"level":"warn","message":"mensaje con nivel warn"}
{"level":"error","message":"mensaje con nivel error"}
{"level":"info","message":"👌 server ok en port by Winston"}
{"level":"info","message":"✅ Nueva conexion activa!"}
{"level":"info","message":"✅ Nueva conexion activa!"}
{"level":"info","message":"✅ Nueva conexion activa!"}
{"level":"info","message":"✅ Nueva conexion activa!"}
{"level":"info","message":"mensaje con nivel info"}
{"level":"warn","message":"mensaje con nivel warn"}
{"level":"error","message":"mensaje con nivel error"}
{"level":"info","message":"👌 server ok en port by Winston"}
{"level":"info","message":"mensaje con nivel info"}
{"level":"warn","message":"mensaje con nivel warn"}
{"level":"error","message":"mensaje con nivel error"}
{"level":"info","message":"👌 server ok en port by Winston"}
{"level":"info","message":"mensaje con nivel info"}
{"level":"warn","message":"mensaje con nivel warn"}
{"level":"error","message":"mensaje con nivel error"}
{"level":"info","message":"👌 server ok en port by Winston"}
{"level":"info","message":"mensaje con nivel info"}
{"level":"warn","message":"mensaje con nivel warn"}
{"level":"error","message":"mensaje con nivel error"}
{"level":"info","message":"👌 server ok en port by Winston"}
{"level":"info","message":"mensaje con nivel info"}
{"level":"warn","message":"mensaje con nivel warn"}
{"level":"error","message":"mensaje con nivel error"}
{"level":"info","message":"👌 server ok en port by Winston"}
{"level":"info","message":"mensaje con nivel info"}
{"level":"warn","message":"mensaje con nivel warn"}
{"level":"error","message":"mensaje con nivel error"}
{"level":"info","message":"👌 server ok en port by Winston"}
{"level":"info","message":"mensaje con nivel info"}
{"level":"warn","message":"mensaje con nivel warn"}
{"level":"error","message":"mensaje con nivel error"}
{"level":"info","message":"👌 server ok en port by Winston"}
{"level":"info","message":"✅ Nueva conexion activa!"}
{"level":"info","message":"mensaje con nivel info"}
{"level":"warn","message":"mensaje con nivel warn"}
{"level":"error","message":"mensaje con nivel error"}
{"level":"info","message":"👌 server ok en port by Winston"}
{"level":"info","message":"mensaje con nivel info"}
{"level":"warn","message":"mensaje con nivel warn"}
{"level":"error","message":"mensaje con nivel error"}
{"level":"info","message":"👌 server ok en port by Winston"}
{"level":"info","message":"✅ Nueva conexion activa!"}
{"level":"info","message":"✅ Nueva conexion activa!"}
{"level":"info","message":"mensaje con nivel info"}
{"level":"warn","message":"mensaje con nivel warn"}
{"level":"error","message":"mensaje con nivel error"}
{"level":"info","message":"👌 server ok en port by Winston"}
{"level":"info","message":"✅ Nueva conexion activa!"}
{"level":"info","message":"mensaje con nivel info"}
{"level":"warn","message":"mensaje con nivel warn"}
{"level":"error","message":"mensaje con nivel error"}
{"level":"info","message":"👌 server ok en port by Winston"}
{"level":"info","message":"✅ Nueva conexion activa!"}
{"level":"info","message":"mensaje con nivel info"}
{"level":"warn","message":"mensaje con nivel warn"}
{"level":"error","message":"mensaje con nivel error"}
{"level":"info","message":"👌 server ok en port by Winston"}
{"level":"info","message":"✅ Nueva conexion activa!"}
{"level":"info","message":"mensaje con nivel info"}
{"level":"warn","message":"mensaje con nivel warn"}
{"level":"error","message":"mensaje con nivel error"}
{"level":"info","message":"👌 server ok en port by Winston"}
{"level":"info","message":"✅ Nueva conexion activa!"}
{"level":"info","message":"mensaje con nivel info"}
{"level":"warn","message":"mensaje con nivel warn"}
{"level":"error","message":"mensaje con nivel error"}
{"level":"info","message":"👌 server ok en port by Winston"}
{"level":"info","message":"✅ Nueva conexion activa!"}
{"level":"info","message":"mensaje con nivel info"}
{"level":"warn","message":"mensaje con nivel warn"}
{"level":"error","message":"mensaje con nivel error"}
{"level":"info","message":"👌 server ok en port by Winston"}
{"level":"info","message":"✅ Nueva conexion activa!"}
{"level":"info","message":"mensaje con nivel info"}
{"level":"warn","message":"mensaje con nivel warn"}
{"level":"error","message":"mensaje con nivel error"}
{"level":"info","message":"👌 server ok en port by Winston"}
{"level":"info","message":"✅ Nueva conexion activa!"}
{"level":"info","message":"mensaje con nivel info"}
{"level":"warn","message":"mensaje con nivel warn"}
{"level":"error","message":"mensaje con nivel error"}
{"level":"info","message":"👌 server ok en port by Winston"}
{"level":"info","message":"✅ Nueva conexion activa!"}
{"level":"info","message":"mensaje con nivel info"}
{"level":"warn","message":"mensaje con nivel warn"}
{"level":"error","message":"mensaje con nivel error"}
{"level":"info","message":"👌 server ok en port by Winston"}
{"level":"info","message":"mensaje con nivel info"}
{"level":"warn","message":"mensaje con nivel warn"}
{"level":"error","message":"mensaje con nivel error"}
{"level":"info","message":"mensaje con nivel info"}
{"level":"warn","message":"mensaje con nivel warn"}
{"level":"error","message":"mensaje con nivel error"}
